Build started 11/15/2013 11:18:19 AM.
     1>Project "C:\LSL\SVNWork\MT\3001_TIP_NEW\TA_BASE\transactive\core\database\tools\sqlgen\1.1.1\sqlgen.vcxproj" on node 2 (Build target(s)).
     1>InitializeBuildStatus:
         Creating "Debug\sqlgen.unsuccessfulbuild" because "AlwaysCreate" was specified.
       ClCompile:
         C:\Program Files\Microsoft Visual Studio 11.0\VC\bin\CL.exe /c /ZI /nologo /W3 /WX- /Od /Oy- /D WIN32 /D _DEBUG /D _CONSOLE /D _UNICODE /D UNICODE /Gm /EHsc /RTC1 /MDd /GS /fp:precise /Zc:wchar_t /Zc:forScope /Fo"Debug\\" /Fd"Debug\vc110.pdb" /Gd /TP /wd4996 /analyze- /errorReport:prompt src\GenerateSQLFile.cpp src\Logger.cpp src\SQLCodeInfo.cpp src\SQLDataProcessor.cpp src\SQLItem.cpp src\SQLType.cpp src\TableInfo.cpp src\UtilityFun.cpp src\main.cpp
         SQLDataProcessor.cpp
         Generating Code...
         Compiling...
         main.cpp
         UtilityFun.cpp
         TableInfo.cpp
         SQLType.cpp
         SQLItem.cpp
         SQLCodeInfo.cpp
         Logger.cpp
         GenerateSQLFile.cpp
         Generating Code...
     1>C:\Program Files\MSBuild\Microsoft.Cpp\v4.0\V110\Microsoft.CppBuild.targets(1137,5): warning MSB8012: TargetPath(C:\LSL\SVNWork\MT\3001_TIP_NEW\TA_BASE\transactive\core\database\tools\sqlgen\1.1.1\Debug\sqlgen.exe) does not match the Linker's OutputFile property value (C:\LSL\SVNWork\MT\3001_TIP_NEW\TA_BASE\transactive\core\database\tools\sqlgen\1.1.1\bin\sqlgen_d.exe). This may cause your project to build incorrectly. To correct this, please make sure that $(OutDir), $(TargetName) and $(TargetExt) property values match the value specified in %(Link.OutputFile).
     1>C:\Program Files\MSBuild\Microsoft.Cpp\v4.0\V110\Microsoft.CppBuild.targets(1139,5): warning MSB8012: TargetName(sqlgen) does not match the Linker's OutputFile property value (sqlgen_d). This may cause your project to build incorrectly. To correct this, please make sure that $(OutDir), $(TargetName) and $(TargetExt) property values match the value specified in %(Link.OutputFile).
       Link:
         C:\Program Files\Microsoft Visual Studio 11.0\VC\bin\link.exe /ERRORREPORT:PROMPT /OUT:".\bin\sqlgen_d.exe" /INCREMENTAL /NOLOGO kernel32.lib user32.lib gdi32.lib winspool.lib comdlg32.lib advapi32.lib shell32.lib ole32.lib oleaut32.lib uuid.lib odbc32.lib odbccp32.lib /MANIFEST /MANIFESTUAC:"level='asInvoker' uiAccess='false'" /manifest:embed /DEBUG /PDB:"C:\LSL\SVNWork\MT\3001_TIP_NEW\TA_BASE\transactive\core\database\tools\sqlgen\1.1.1\Debug\sqlgen.pdb" /SUBSYSTEM:CONSOLE /TLBID:1 /DYNAMICBASE /NXCOMPAT /IMPLIB:"C:\LSL\SVNWork\MT\3001_TIP_NEW\TA_BASE\transactive\core\database\tools\sqlgen\1.1.1\Debug\sqlgen.lib" /MACHINE:X86 /SAFESEH Debug\GenerateSQLFile.obj
         Debug\Logger.obj
         Debug\main.obj
         Debug\SQLCodeInfo.obj
         Debug\SQLDataProcessor.obj
         Debug\SQLItem.obj
         Debug\SQLType.obj
         Debug\TableInfo.obj
         Debug\UtilityFun.obj
     1>GenerateSQLFile.obj : warning LNK4075: ignoring '/EDITANDCONTINUE' due to '/SAFESEH' specification
         sqlgen.vcxproj -> C:\LSL\SVNWork\MT\3001_TIP_NEW\TA_BASE\transactive\core\database\tools\sqlgen\1.1.1\Debug\sqlgen.exe
       FinalizeBuildStatus:
         Deleting file "Debug\sqlgen.unsuccessfulbuild".
         Touching "Debug\sqlgen.lastbuildstate".
     1>Done Building Project "C:\LSL\SVNWork\MT\3001_TIP_NEW\TA_BASE\transactive\core\database\tools\sqlgen\1.1.1\sqlgen.vcxproj" (Build target(s)).

Build succeeded.

Time Elapsed 00:00:09.78
